{"total": {"lines":{"total":521,"covered":418,"skipped":0,"pct":80.23},"statements":{"total":801,"covered":607,"skipped":0,"pct":75.78},"functions":{"total":89,"covered":55,"skipped":0,"pct":61.79},"branches":{"total":198,"covered":146,"skipped":0,"pct":73.73},"branchesTrue":{"total":0,"covered":0,"skipped":0,"pct":100}}
,"C:\\Users\\adon1\\Documents\\DEVOPS 2025\\Formation\\Openclassroom\\Formation-Expert-Draft\\projet3-12-05-au-01-06\\OPC-P3-Pilotez_le_d-veloppement_d_une_solution_informatique\\frontend\\src\\app\\api.config.ts": {"lines":{"total":7,"covered":4,"skipped":0,"pct":57.14},"functions":{"total":1,"covered":1,"skipped":0,"pct":100},"statements":{"total":7,"covered":4,"skipped":0,"pct":57.14},"branches":{"total":4,"covered":1,"skipped":0,"pct":25}}
,"C:\\Users\\adon1\\Documents\\DEVOPS 2025\\Formation\\Openclassroom\\Formation-Expert-Draft\\projet3-12-05-au-01-06\\OPC-P3-Pilotez_le_d-veloppement_d_une_solution_informatique\\frontend\\src\\app\\app.html": {"lines":{"total":1,"covered":1,"skipped":0,"pct":100},"functions":{"total":0,"covered":0,"skipped":0,"pct":100},"statements":{"total":1,"covered":1,"skipped":0,"pct":100},"branches":{"total":0,"covered":0,"skipped":0,"pct":100}}
,"C:\\Users\\adon1\\Documents\\DEVOPS 2025\\Formation\\Openclassroom\\Formation-Expert-Draft\\projet3-12-05-au-01-06\\OPC-P3-Pilotez_le_d-veloppement_d_une_solution_informatique\\frontend\\src\\app\\app.ts": {"lines":{"total":2,"covered":2,"skipped":0,"pct":100},"functions":{"total":1,"covered":1,"skipped":0,"pct":100},"statements":{"total":6,"covered":6,"skipped":0,"pct":100},"branches":{"total":10,"covered":9,"skipped":0,"pct":90}}
,"C:\\Users\\adon1\\Documents\\DEVOPS 2025\\Formation\\Openclassroom\\Formation-Expert-Draft\\projet3-12-05-au-01-06\\OPC-P3-Pilotez_le_d-veloppement_d_une_solution_informatique\\frontend\\src\\app\\auth.service.ts": {"lines":{"total":22,"covered":21,"skipped":0,"pct":95.45},"functions":{"total":9,"covered":9,"skipped":0,"pct":100},"statements":{"total":25,"covered":24,"skipped":0,"pct":96},"branches":{"total":9,"covered":9,"skipped":0,"pct":100}}
,"C:\\Users\\adon1\\Documents\\DEVOPS 2025\\Formation\\Openclassroom\\Formation-Expert-Draft\\projet3-12-05-au-01-06\\OPC-P3-Pilotez_le_d-veloppement_d_une_solution_informatique\\frontend\\src\\app\\file.service.ts": {"lines":{"total":20,"covered":20,"skipped":0,"pct":100},"functions":{"total":6,"covered":6,"skipped":0,"pct":100},"statements":{"total":24,"covered":24,"skipped":0,"pct":100},"branches":{"total":15,"covered":11,"skipped":0,"pct":73.33}}
,"C:\\Users\\adon1\\Documents\\DEVOPS 2025\\Formation\\Openclassroom\\Formation-Expert-Draft\\projet3-12-05-au-01-06\\OPC-P3-Pilotez_le_d-veloppement_d_une_solution_informatique\\frontend\\src\\app\\components\\download.component.ts": {"lines":{"total":132,"covered":120,"skipped":0,"pct":90.9},"functions":{"total":15,"covered":11,"skipped":0,"pct":73.33},"statements":{"total":203,"covered":171,"skipped":0,"pct":84.23},"branches":{"total":42,"covered":28,"skipped":0,"pct":66.66}}
,"C:\\Users\\adon1\\Documents\\DEVOPS 2025\\Formation\\Openclassroom\\Formation-Expert-Draft\\projet3-12-05-au-01-06\\OPC-P3-Pilotez_le_d-veloppement_d_une_solution_informatique\\frontend\\src\\app\\components\\history.component.ts": {"lines":{"total":80,"covered":67,"skipped":0,"pct":83.75},"functions":{"total":18,"covered":9,"skipped":0,"pct":50},"statements":{"total":143,"covered":111,"skipped":0,"pct":77.62},"branches":{"total":30,"covered":25,"skipped":0,"pct":83.33}}
,"C:\\Users\\adon1\\Documents\\DEVOPS 2025\\Formation\\Openclassroom\\Formation-Expert-Draft\\projet3-12-05-au-01-06\\OPC-P3-Pilotez_le_d-veloppement_d_une_solution_informatique\\frontend\\src\\app\\components\\login.component.ts": {"lines":{"total":48,"covered":42,"skipped":0,"pct":87.5},"functions":{"total":6,"covered":5,"skipped":0,"pct":83.33},"statements":{"total":73,"covered":64,"skipped":0,"pct":87.67},"branches":{"total":20,"covered":17,"skipped":0,"pct":85}}
,"C:\\Users\\adon1\\Documents\\DEVOPS 2025\\Formation\\Openclassroom\\Formation-Expert-Draft\\projet3-12-05-au-01-06\\OPC-P3-Pilotez_le_d-veloppement_d_une_solution_informatique\\frontend\\src\\app\\components\\register.component.ts": {"lines":{"total":63,"covered":55,"skipped":0,"pct":87.3},"functions":{"total":6,"covered":5,"skipped":0,"pct":83.33},"statements":{"total":100,"covered":89,"skipped":0,"pct":89},"branches":{"total":20,"covered":17,"skipped":0,"pct":85}}
,"C:\\Users\\adon1\\Documents\\DEVOPS 2025\\Formation\\Openclassroom\\Formation-Expert-Draft\\projet3-12-05-au-01-06\\OPC-P3-Pilotez_le_d-veloppement_d_une_solution_informatique\\frontend\\src\\app\\components\\upload.component.ts": {"lines":{"total":146,"covered":86,"skipped":0,"pct":58.9},"functions":{"total":27,"covered":8,"skipped":0,"pct":29.62},"statements":{"total":219,"covered":113,"skipped":0,"pct":51.59},"branches":{"total":48,"covered":29,"skipped":0,"pct":60.41}}
}
