TN:
SF:src\app\api.config.ts
FN:1,getApiBaseUrl
FNF:1
FNH:1
FNDA:11,getApiBaseUrl
DA:2,11
DA:3,11
DA:5,11
DA:6,0
DA:7,0
DA:9,0
DA:13,11
LF:7
LH:4
BRDA:5,0,0,0
BRDA:5,0,1,11
BRDA:6,1,0,0
BRDA:6,1,1,0
BRF:4
BRH:1
end_of_record
TN:
SF:src\app\app.html
FNF:0
FNH:0
DA:1,2
LF:1
LH:1
BRF:0
BRH:0
end_of_record
TN:
SF:src\app\app.ts
FN:10,template
FNF:1
FNH:1
FNDA:1,template
DA:10,2
DA:11,1
LF:2
LH:2
BRDA:10,0,0,2
BRDA:10,0,1,2
BRDA:10,1,0,2
BRDA:10,1,1,0
BRDA:10,2,0,1
BRDA:10,2,1,1
BRDA:10,2,2,1
BRDA:10,3,0,1
BRDA:10,3,1,1
BRDA:10,3,2,1
BRF:10
BRH:9
end_of_record
TN:
SF:src\app\auth.service.ts
FN:23,constructor
FN:27,register
FN:29,(anonymous_2)
FN:33,login
FN:35,(anonymous_4)
FN:39,logout
FN:45,isLoggedIn
FN:49,saveSession
FN:55,loadUserFromStorage
FNF:9
FNH:9
FNDA:5,constructor
FNDA:1,register
FNDA:1,(anonymous_2)
FNDA:1,login
FNDA:1,(anonymous_4)
FNDA:1,logout
FNDA:4,isLoggedIn
FNDA:2,saveSession
FNDA:5,loadUserFromStorage
DA:16,11
DA:17,11
DA:18,11
DA:21,11
DA:24,5
DA:28,1
DA:29,1
DA:34,1
DA:35,1
DA:40,1
DA:41,1
DA:42,1
DA:46,4
DA:50,2
DA:51,2
DA:52,2
DA:56,5
DA:57,5
DA:58,5
DA:59,1
DA:60,1
DA:62,0
LF:22
LH:21
BRDA:58,0,0,1
BRDA:58,0,1,4
BRDA:58,1,0,5
BRDA:58,1,1,1
BRDA:16,2,0,5
BRDA:16,2,1,5
BRDA:16,3,0,6
BRDA:16,3,1,6
BRDA:16,3,2,6
BRF:9
BRH:9
end_of_record
TN:
SF:src\app\file.service.ts
FN:25,uploadFile
FN:40,(anonymous_1)
FN:51,getFileDetails
FN:55,downloadFileBlob
FN:66,getHistory
FN:70,deleteFile
FNF:6
FNH:6
FNDA:1,uploadFile
FNDA:1,(anonymous_1)
FNDA:1,getFileDetails
FNDA:1,downloadFileBlob
FNDA:1,getHistory
FNDA:1,deleteFile
DA:21,10
DA:22,10
DA:23,10
DA:31,1
DA:32,1
DA:33,1
DA:34,1
DA:36,1
DA:37,1
DA:39,1
DA:40,1
DA:43,1
DA:48,1
DA:52,1
DA:56,1
DA:57,1
DA:58,1
DA:60,1
DA:67,1
DA:71,1
LF:20
LH:20
BRDA:33,0,0,1
BRDA:33,0,1,0
BRDA:36,1,0,1
BRDA:36,1,1,0
BRDA:39,2,0,1
BRDA:39,2,1,0
BRDA:39,3,0,1
BRDA:39,3,1,1
BRDA:57,4,0,1
BRDA:57,4,1,0
BRDA:21,5,0,6
BRDA:21,5,1,6
BRDA:21,6,0,4
BRDA:21,6,1,4
BRDA:21,6,2,4
BRF:15
BRH:11
end_of_record
TN:
SF:src\app\components\download.component.ts
FN:26,DownloadComponent_button_8_Template_button_click_0_listener
FN:76,DownloadComponent_div_13_Template_form_ngSubmit_17_listener
FN:134,DownloadComponent_div_14_Template_button_click_18_listener
FN:386,ngOnInit
FN:394,fetchDetails
FN:396,(anonymous_5)
FN:404,(anonymous_6)
FN:411,onPasswordSubmit
FN:416,triggerDownload
FN:421,(anonymous_9)
FN:434,(anonymous_10)
FN:446,logout
FN:450,formatBytes
FN:458,formatDate
FN:371,template
FNF:15
FNH:11
FNDA:0,DownloadComponent_button_8_Template_button_click_0_listener
FNDA:0,DownloadComponent_div_13_Template_form_ngSubmit_17_listener
FNDA:0,DownloadComponent_div_14_Template_button_click_18_listener
FNDA:5,ngOnInit
FNDA:5,fetchDetails
FNDA:4,(anonymous_5)
FNDA:1,(anonymous_6)
FNDA:1,onPasswordSubmit
FNDA:2,triggerDownload
FNDA:1,(anonymous_9)
FNDA:1,(anonymous_10)
FNDA:0,logout
FNDA:4,formatBytes
FNDA:4,formatDate
FNDA:1,template
DA:13,5
DA:17,5
DA:19,5
DA:20,5
DA:21,0
DA:23,5
DA:24,0
DA:25,0
DA:26,5
DA:27,0
DA:28,0
DA:29,5
DA:30,5
DA:31,5
DA:32,5
DA:36,5
DA:38,5
DA:39,0
DA:40,0
DA:44,5
DA:45,1
DA:46,1
DA:47,1
DA:48,1
DA:52,5
DA:53,2
DA:56,2
DA:58,2
DA:59,2
DA:60,2
DA:62,2
DA:63,2
DA:64,2
DA:69,2
DA:70,2
DA:71,2
DA:72,2
DA:73,2
DA:76,2
DA:77,2
DA:78,2
DA:79,2
DA:82,2
DA:85,2
DA:89,2
DA:90,2
DA:91,0
DA:92,0
DA:94,2
DA:95,2
DA:96,2
DA:97,2
DA:98,2
DA:99,2
DA:100,2
DA:105,5
DA:106,2
DA:109,2
DA:111,2
DA:112,2
DA:113,2
DA:115,2
DA:116,2
DA:117,2
DA:122,2
DA:123,2
DA:124,2
DA:125,2
DA:126,2
DA:130,2
DA:131,2
DA:132,2
DA:134,2
DA:135,2
DA:136,2
DA:137,2
DA:138,2
DA:139,2
DA:140,2
DA:142,5
DA:145,5
DA:147,5
DA:148,5
DA:371,10
DA:372,1
DA:373,1
DA:374,1
DA:375,1
DA:377,1
DA:378,1
DA:379,1
DA:380,1
DA:381,1
DA:383,1
DA:387,5
DA:388,5
DA:391,5
DA:395,5
DA:397,4
DA:398,4
DA:399,2
DA:401,2
DA:405,1
DA:406,1
DA:412,1
DA:413,1
DA:417,2
DA:418,2
DA:420,2
DA:422,1
DA:423,1
DA:424,1
DA:425,1
DA:426,1
DA:427,1
DA:428,1
DA:429,1
DA:431,1
DA:432,1
DA:435,1
DA:436,1
DA:437,1
DA:439,0
DA:440,0
DA:447,0
DA:451,4
DA:452,4
DA:453,4
DA:454,4
DA:455,4
DA:459,4
DA:460,4
LF:132
LH:120
BRDA:21,0,0,0
BRDA:21,0,1,0
BRDA:64,1,0,2
BRDA:64,1,1,0
BRDA:73,2,0,2
BRDA:73,2,1,0
BRDA:85,3,0,2
BRDA:85,3,1,2
BRDA:94,4,0,2
BRDA:94,4,1,0
BRDA:117,5,0,2
BRDA:117,5,1,0
BRDA:126,6,0,2
BRDA:126,6,1,0
BRDA:130,7,0,2
BRDA:130,7,1,2
BRDA:387,8,0,5
BRDA:387,8,1,0
BRDA:398,9,0,2
BRDA:398,9,1,2
BRDA:406,10,0,1
BRDA:406,10,1,0
BRDA:412,11,0,0
BRDA:412,11,1,1
BRDA:425,12,0,1
BRDA:425,12,1,0
BRDA:436,13,0,1
BRDA:436,13,1,0
BRDA:451,14,0,0
BRDA:451,14,1,4
BRDA:459,15,0,0
BRDA:459,15,1,4
BRDA:371,16,0,5
BRDA:371,16,1,5
BRDA:371,17,0,5
BRDA:371,17,1,5
BRDA:371,18,0,1
BRDA:371,18,1,1
BRDA:371,18,2,1
BRDA:371,19,0,1
BRDA:371,19,1,1
BRDA:371,19,2,1
BRF:42
BRH:28
end_of_record
TN:
SF:src\app\components\history.component.ts
FN:22,HistoryComponent_button_7_Template_button_click_0_listener
FN:84,HistoryComponent_div_20_div_1_Template_button_click_21_listener
FN:87,HistoryComponent_div_20_div_1_Template_button_click_23_listener
FN:364,ngOnInit
FN:368,fetchHistory
FN:371,(anonymous_5)
FN:375,(anonymous_6)
FN:381,copyLink
FN:383,(anonymous_8)
FN:385,(anonymous_9)
FN:389,deleteFile
FN:392,(anonymous_11)
FN:394,(anonymous_12)
FN:396,(anonymous_13)
FN:403,formatBytes
FN:411,formatDate
FN:420,logout
FN:356,template
FNF:18
FNH:9
FNDA:0,HistoryComponent_button_7_Template_button_click_0_listener
FNDA:0,HistoryComponent_div_20_div_1_Template_button_click_21_listener
FNDA:0,HistoryComponent_div_20_div_1_Template_button_click_23_listener
FNDA:4,ngOnInit
FNDA:4,fetchHistory
FNDA:4,(anonymous_5)
FNDA:0,(anonymous_6)
FNDA:0,copyLink
FNDA:0,(anonymous_8)
FNDA:0,(anonymous_9)
FNDA:2,deleteFile
FNDA:1,(anonymous_11)
FNDA:2,(anonymous_12)
FNDA:0,(anonymous_13)
FNDA:12,formatBytes
FNDA:16,formatDate
FNDA:0,logout
FNDA:1,template
DA:12,4
DA:16,4
DA:18,4
DA:19,4
DA:20,4
DA:22,4
DA:23,4
DA:24,4
DA:25,4
DA:29,4
DA:33,4
DA:34,4
DA:38,4
DA:39,4
DA:42,4
DA:43,0
DA:44,0
DA:48,4
DA:49,0
DA:50,0
DA:51,0
DA:52,0
DA:56,4
DA:57,8
DA:60,8
DA:61,8
DA:62,8
DA:63,8
DA:64,8
DA:65,8
DA:66,8
DA:72,8
DA:73,12
DA:74,8
DA:77,8
DA:78,8
DA:79,8
DA:83,8
DA:84,8
DA:85,8
DA:86,8
DA:87,8
DA:88,8
DA:89,8
DA:93,4
DA:95,4
DA:102,4
DA:104,4
DA:105,4
DA:107,4
DA:108,4
DA:109,4
DA:356,8
DA:357,1
DA:358,1
DA:360,1
DA:361,1
DA:362,1
DA:365,4
DA:369,4
DA:370,4
DA:372,4
DA:373,4
DA:376,0
DA:382,0
DA:383,0
DA:384,0
DA:385,0
DA:390,2
DA:391,1
DA:394,2
DA:397,0
DA:404,12
DA:405,11
DA:406,11
DA:407,11
DA:408,11
DA:412,16
DA:413,16
DA:421,0
LF:80
LH:67
BRDA:20,0,0,4
BRDA:20,0,1,0
BRDA:60,1,0,4
BRDA:60,1,1,4
BRDA:72,2,0,8
BRDA:72,2,1,8
BRDA:85,3,0,0
BRDA:85,3,1,8
BRDA:390,4,0,1
BRDA:390,4,1,1
BRDA:397,5,0,0
BRDA:397,5,1,0
BRDA:404,6,0,1
BRDA:404,6,1,11
BRDA:412,7,0,0
BRDA:412,7,1,16
BRDA:356,8,0,4
BRDA:356,8,1,4
BRDA:356,9,0,4
BRDA:356,9,1,4
BRDA:48,10,0,4
BRDA:48,10,1,4
BRDA:56,11,0,4
BRDA:56,11,1,4
BRDA:356,12,0,1
BRDA:356,12,1,1
BRDA:356,12,2,1
BRDA:356,13,0,1
BRDA:356,13,1,1
BRDA:356,13,2,1
BRF:30
BRH:25
end_of_record
TN:
SF:src\app\components\login.component.ts
FN:168,isFieldInvalid
FN:173,onSubmit
FN:180,(anonymous_2)
FN:184,(anonymous_3)
FN:155,template
FN:17,LoginComponent_Template_form_ngSubmit_6_listener
FNF:6
FNH:5
FNDA:24,isFieldInvalid
FNDA:2,onSubmit
FNDA:1,(anonymous_2)
FNDA:1,(anonymous_3)
FNDA:1,template
FNDA:0,LoginComponent_Template_form_ngSubmit_6_listener
DA:12,4
DA:14,4
DA:15,4
DA:17,4
DA:18,4
DA:19,4
DA:20,4
DA:23,4
DA:26,4
DA:30,4
DA:31,0
DA:32,0
DA:33,4
DA:35,4
DA:36,4
DA:37,4
DA:40,4
DA:43,4
DA:47,4
DA:48,0
DA:49,0
DA:50,4
DA:52,4
DA:53,0
DA:54,0
DA:56,4
DA:57,4
DA:58,4
DA:59,4
DA:62,4
DA:63,4
DA:155,8
DA:156,1
DA:157,1
DA:158,1
DA:160,1
DA:165,1
DA:166,1
DA:169,24
DA:170,24
DA:174,2
DA:176,2
DA:177,2
DA:179,2
DA:181,1
DA:182,1
DA:185,1
DA:186,1
LF:48
LH:42
BRDA:170,0,0,24
BRDA:170,0,1,24
BRDA:170,0,2,24
BRDA:170,0,3,24
BRDA:174,1,0,0
BRDA:174,1,1,2
BRDA:186,2,0,1
BRDA:186,2,1,0
BRDA:155,3,0,4
BRDA:155,3,1,4
BRDA:155,4,0,4
BRDA:155,4,1,4
BRDA:56,5,0,4
BRDA:56,5,1,0
BRDA:155,6,0,1
BRDA:155,6,1,1
BRDA:155,6,2,1
BRDA:155,7,0,1
BRDA:155,7,1,1
BRDA:155,7,2,1
BRF:20
BRH:17
end_of_record
TN:
SF:src\app\components\register.component.ts
FN:218,isFieldInvalid
FN:223,onSubmit
FN:230,(anonymous_2)
FN:234,(anonymous_3)
FN:202,template
FN:17,RegisterComponent_Template_form_ngSubmit_6_listener
FNF:6
FNH:5
FNDA:28,isFieldInvalid
FNDA:2,onSubmit
FNDA:1,(anonymous_2)
FNDA:1,(anonymous_3)
FNDA:1,template
FNDA:0,RegisterComponent_Template_form_ngSubmit_6_listener
DA:12,4
DA:14,4
DA:15,4
DA:17,4
DA:18,4
DA:20,4
DA:21,4
DA:22,4
DA:23,4
DA:24,4
DA:25,4
DA:26,4
DA:29,4
DA:30,4
DA:31,4
DA:34,4
DA:37,4
DA:41,4
DA:42,0
DA:43,0
DA:44,4
DA:46,4
DA:47,4
DA:48,4
DA:51,4
DA:54,4
DA:58,4
DA:59,0
DA:60,0
DA:61,4
DA:63,4
DA:65,4
DA:66,4
DA:68,4
DA:69,0
DA:70,0
DA:71,4
DA:73,4
DA:74,0
DA:75,0
DA:77,4
DA:78,4
DA:79,4
DA:80,4
DA:83,4
DA:84,4
DA:202,8
DA:203,1
DA:204,1
DA:205,1
DA:207,1
DA:215,1
DA:216,1
DA:219,28
DA:220,28
DA:224,2
DA:226,2
DA:227,2
DA:229,2
DA:231,1
DA:232,1
DA:235,1
DA:236,1
LF:63
LH:55
BRDA:220,0,0,28
BRDA:220,0,1,28
BRDA:220,0,2,28
BRDA:220,0,3,28
BRDA:224,1,0,0
BRDA:224,1,1,2
BRDA:236,2,0,1
BRDA:236,2,1,0
BRDA:202,3,0,4
BRDA:202,3,1,4
BRDA:202,4,0,4
BRDA:202,4,1,4
BRDA:77,5,0,4
BRDA:77,5,1,0
BRDA:202,6,0,1
BRDA:202,6,1,1
BRDA:202,6,2,1
BRDA:202,7,0,1
BRDA:202,7,1,1
BRDA:202,7,2,1
BRF:20
BRH:17
end_of_record
TN:
SF:src\app\components\upload.component.ts
FN:24,UploadComponent_button_7_Template_button_click_0_listener
FN:95,UploadComponent_div_34_Template_div_dragover_0_listener
FN:95,UploadComponent_div_34_Template_div_dragleave_0_listener
FN:96,UploadComponent_div_34_Template_div_drop_0_listener
FN:97,UploadComponent_div_34_Template_div_click_0_listener
FN:98,UploadComponent_div_34_Template_div_keydown_enter_0_listener
FN:103,UploadComponent_div_34_Template_div_keydown_space_0_listener
FN:109,UploadComponent_div_34_Template_input_change_1_listener
FN:149,UploadComponent_div_36_Template_button_click_10_listener
FN:158,UploadComponent_div_36_Template_button_click_14_listener
FN:454,onFileSelected
FN:461,onDragOver
FN:466,onDragLeave
FN:471,onDrop
FN:480,handleFile
FN:497,startUpload
FN:506,(anonymous_16)
FN:506,(anonymous_17)
FN:515,(anonymous_18)
FN:524,(anonymous_19)
FN:531,getDownloadUrl
FN:536,copyLink
FN:539,(anonymous_22)
FN:541,(anonymous_23)
FN:545,resetUpload
FN:552,logout
FN:434,template
FNF:27
FNH:8
FNDA:0,UploadComponent_button_7_Template_button_click_0_listener
FNDA:0,UploadComponent_div_34_Template_div_dragover_0_listener
FNDA:0,UploadComponent_div_34_Template_div_dragleave_0_listener
FNDA:0,UploadComponent_div_34_Template_div_drop_0_listener
FNDA:0,UploadComponent_div_34_Template_div_click_0_listener
FNDA:0,UploadComponent_div_34_Template_div_keydown_enter_0_listener
FNDA:0,UploadComponent_div_34_Template_div_keydown_space_0_listener
FNDA:0,UploadComponent_div_34_Template_input_change_1_listener
FNDA:0,UploadComponent_div_36_Template_button_click_10_listener
FNDA:0,UploadComponent_div_36_Template_button_click_14_listener
FNDA:4,onFileSelected
FNDA:0,onDragOver
FNDA:0,onDragLeave
FNDA:0,onDrop
FNDA:4,handleFile
FNDA:2,startUpload
FNDA:2,(anonymous_16)
FNDA:2,(anonymous_17)
FNDA:1,(anonymous_18)
FNDA:1,(anonymous_19)
FNDA:0,getDownloadUrl
FNDA:0,copyLink
FNDA:0,(anonymous_22)
FNDA:0,(anonymous_23)
FNDA:0,resetUpload
FNDA:0,logout
FNDA:1,template
DA:14,5
DA:18,5
DA:20,5
DA:21,5
DA:22,0
DA:24,5
DA:26,0
DA:27,0
DA:28,5
DA:30,5
DA:31,5
DA:32,5
DA:36,5
DA:40,5
DA:41,5
DA:42,5
DA:43,5
DA:46,5
DA:47,5
DA:48,5
DA:51,5
DA:53,5
DA:57,5
DA:58,5
DA:59,5
DA:61,5
DA:69,5
DA:70,5
DA:71,5
DA:74,5
DA:75,5
DA:76,5
DA:78,5
DA:84,5
DA:89,5
DA:91,5
DA:92,5
DA:94,5
DA:95,5
DA:96,0
DA:97,0
DA:98,0
DA:103,0
DA:106,5
DA:109,0
DA:112,5
DA:114,5
DA:115,5
DA:116,5
DA:117,5
DA:121,5
DA:123,0
DA:124,0
DA:125,0
DA:127,0
DA:129,0
DA:133,0
DA:134,0
DA:135,0
DA:139,5
DA:141,0
DA:142,0
DA:143,0
DA:145,0
DA:146,0
DA:149,0
DA:151,0
DA:152,0
DA:154,0
DA:155,0
DA:156,0
DA:158,0
DA:160,0
DA:161,0
DA:163,5
DA:166,5
DA:167,0
DA:168,0
DA:169,5
DA:175,5
DA:177,0
DA:178,0
DA:180,0
DA:181,0
DA:182,0
DA:434,10
DA:435,1
DA:436,1
DA:437,1
DA:439,1
DA:445,1
DA:446,1
DA:447,1
DA:448,1
DA:449,1
DA:450,1
DA:452,1
DA:455,4
DA:456,4
DA:457,4
DA:462,0
DA:463,0
DA:467,0
DA:468,0
DA:472,0
DA:473,0
DA:474,0
DA:475,0
DA:476,0
DA:482,4
DA:483,4
DA:484,1
DA:485,1
DA:488,3
DA:489,1
DA:490,1
DA:493,2
DA:494,2
DA:498,2
DA:500,2
DA:501,2
DA:502,2
DA:504,2
DA:505,2
DA:506,2
DA:509,2
DA:516,1
DA:517,0
DA:518,0
DA:519,1
DA:520,1
DA:521,1
DA:525,1
DA:526,1
DA:532,0
DA:533,0
DA:537,0
DA:538,0
DA:539,0
DA:540,0
DA:541,0
DA:546,0
DA:547,0
DA:548,0
DA:549,0
DA:553,0
LF:146
LH:86
BRDA:22,0,0,0
BRDA:22,0,1,0
BRDA:151,1,0,0
BRDA:151,1,1,0
BRDA:155,2,0,0
BRDA:155,2,1,0
BRDA:456,3,0,4
BRDA:456,3,1,0
BRDA:456,4,0,4
BRDA:456,4,1,4
BRDA:475,5,0,0
BRDA:475,5,1,0
BRDA:475,6,0,0
BRDA:475,6,1,0
BRDA:483,7,0,1
BRDA:483,7,1,3
BRDA:483,8,0,4
BRDA:483,8,1,3
BRDA:483,8,2,3
BRDA:483,8,3,3
BRDA:488,9,0,1
BRDA:488,9,1,2
BRDA:498,10,0,0
BRDA:498,10,1,2
BRDA:505,11,0,1
BRDA:505,11,1,1
BRDA:516,12,0,0
BRDA:516,12,1,1
BRDA:516,13,0,1
BRDA:516,13,1,0
BRDA:519,14,0,1
BRDA:519,14,1,0
BRDA:526,15,0,1
BRDA:526,15,1,0
BRDA:532,16,0,0
BRDA:532,16,1,0
BRDA:434,17,0,5
BRDA:434,17,1,5
BRDA:434,18,0,5
BRDA:434,18,1,5
BRDA:139,19,0,5
BRDA:139,19,1,0
BRDA:434,20,0,1
BRDA:434,20,1,1
BRDA:434,20,2,1
BRDA:434,21,0,1
BRDA:434,21,1,1
BRDA:434,21,2,1
BRF:48
BRH:29
end_of_record
